The system is: Darwin - 20.3.0 - x86_64
Compiling the C compiler identification source file "CMakeCCompilerId.c" succeeded.
Compiler: /usr/local/Cellar/gcc@8/8.4.0_1/bin/gcc-8 
Build flags: 
Id flags:  

The output was:
0


Compilation of the C compiler identification source "CMakeCCompilerId.c" produced "a.out"

The C compiler identification is GNU, found in "/Users/ylf9811/Desktop/ASC20-21/prestoFinal/presto/cmake-build-debug/CMakeFiles/3.19.2/CompilerIdC/a.out"

Compiling the CXX compiler identification source file "CMakeCXXCompilerId.cpp" succeeded.
Compiler: /usr/local/Cellar/gcc@8/8.4.0_1/bin/g++-8 
Build flags: 
Id flags:  

The output was:
0


Compilation of the CXX compiler identification source "CMakeCXXCompilerId.cpp" produced "a.out"

The CXX compiler identification is GNU, found in "/Users/ylf9811/Desktop/ASC20-21/prestoFinal/presto/cmake-build-debug/CMakeFiles/3.19.2/CompilerIdCXX/a.out"

Detecting C compiler ABI info compiled with the following output:
Change Dir: /Users/ylf9811/Desktop/ASC20-21/prestoFinal/presto/cmake-build-debug/CMakeFiles/CMakeTmp

Run Build Command(s):/usr/bin/make cmTC_751a6/fast && /Applications/Xcode.app/Contents/Developer/usr/bin/make  -f CMakeFiles/cmTC_751a6.dir/build.make CMakeFiles/cmTC_751a6.dir/build
Building C object CMakeFiles/cmTC_751a6.dir/CMakeCCompilerABI.c.o
/usr/local/Cellar/gcc@8/8.4.0_1/bin/gcc-8   -isysroot /Applications/Xcode.app/Contents/Developer/Platforms/MacOSX.platform/Developer/SDKs/MacOSX10.15.sdk   -v -Wl,-v -o CMakeFiles/cmTC_751a6.dir/CMakeCCompilerABI.c.o -c /Applications/CLion.app/Contents/bin/cmake/mac/share/cmake-3.19/Modules/CMakeCCompilerABI.c
Using built-in specs.
COLLECT_GCC=/usr/local/Cellar/gcc@8/8.4.0_1/bin/gcc-8
Target: x86_64-apple-darwin19
Configured with: ../configure --build=x86_64-apple-darwin19 --prefix=/usr/local/Cellar/gcc@8/8.4.0_1 --libdir=/usr/local/Cellar/gcc@8/8.4.0_1/lib/gcc/8 --disable-nls --enable-checking=release --enable-languages=c,c++,objc,obj-c++,fortran --program-suffix=-8 --with-gmp=/usr/local/opt/gmp --with-mpfr=/usr/local/opt/mpfr --with-mpc=/usr/local/opt/libmpc --with-isl=/usr/local/opt/isl --with-system-zlib --with-pkgversion='Homebrew GCC 8.4.0_1' --with-bugurl=https://github.com/Homebrew/homebrew-core/issues --disable-multilib --with-native-system-header-dir=/usr/include --with-sysroot=/Library/Developer/CommandLineTools/SDKs/MacOSX10.15.sdk SED=/usr/bin/sed
Thread model: posix
gcc version 8.4.0 (Homebrew GCC 8.4.0_1) 
COLLECT_GCC_OPTIONS='-isysroot' '/Applications/Xcode.app/Contents/Developer/Platforms/MacOSX.platform/Developer/SDKs/MacOSX10.15.sdk' '-v' '-o' 'CMakeFiles/cmTC_751a6.dir/CMakeCCompilerABI.c.o' '-c' '-mmacosx-version-min=10.16.0' '-asm_macosx_version_min=10.16' '-mtune=core2'
 /usr/local/Cellar/gcc@8/8.4.0_1/libexec/gcc/x86_64-apple-darwin19/8.4.0/cc1 -quiet -v -D__DYNAMIC__ -isysroot /Applications/Xcode.app/Contents/Developer/Platforms/MacOSX.platform/Developer/SDKs/MacOSX10.15.sdk /Applications/CLion.app/Contents/bin/cmake/mac/share/cmake-3.19/Modules/CMakeCCompilerABI.c -fPIC -quiet -dumpbase CMakeCCompilerABI.c -mmacosx-version-min=10.16.0 -mtune=core2 -auxbase-strip CMakeFiles/cmTC_751a6.dir/CMakeCCompilerABI.c.o -version -o /var/folders/3d/m5hh808d0gg8dsr32yjgdc1h0000gn/T//cceepEPh.s
GNU C17 (Homebrew GCC 8.4.0_1) version 8.4.0 (x86_64-apple-darwin19)
	compiled by GNU C version 8.4.0, GMP version 6.2.0, MPFR version 4.0.2, MPC version 1.1.0, isl version isl-0.22.1-GMP

GGC heuristics: --param ggc-min-expand=100 --param ggc-min-heapsize=131072
ignoring nonexistent directory "/Applications/Xcode.app/Contents/Developer/Platforms/MacOSX.platform/Developer/SDKs/MacOSX10.15.sdk/usr/local/include"
ignoring nonexistent directory "/usr/local/Cellar/gcc@8/8.4.0_1/lib/gcc/8/gcc/x86_64-apple-darwin19/8.4.0/../../../../../../x86_64-apple-darwin19/include"
ignoring nonexistent directory "/Applications/Xcode.app/Contents/Developer/Platforms/MacOSX.platform/Developer/SDKs/MacOSX10.15.sdk/Library/Frameworks"
#include "..." search starts here:
#include <...> search starts here:
 /usr/local/Cellar/gcc@8/8.4.0_1/lib/gcc/8/gcc/x86_64-apple-darwin19/8.4.0/include
 /usr/local/Cellar/gcc@8/8.4.0_1/lib/gcc/8/gcc/x86_64-apple-darwin19/8.4.0/include-fixed
 /Applications/Xcode.app/Contents/Developer/Platforms/MacOSX.platform/Developer/SDKs/MacOSX10.15.sdk/usr/include
 /Applications/Xcode.app/Contents/Developer/Platforms/MacOSX.platform/Developer/SDKs/MacOSX10.15.sdk/System/Library/Frameworks
End of search list.
GNU C17 (Homebrew GCC 8.4.0_1) version 8.4.0 (x86_64-apple-darwin19)
	compiled by GNU C version 8.4.0, GMP version 6.2.0, MPFR version 4.0.2, MPC version 1.1.0, isl version isl-0.22.1-GMP

GGC heuristics: --param ggc-min-expand=100 --param ggc-min-heapsize=131072
Compiler executable checksum: 95ccd41f183a1a509e74d525ea536100
COLLECT_GCC_OPTIONS='-isysroot' '/Applications/Xcode.app/Contents/Developer/Platforms/MacOSX.platform/Developer/SDKs/MacOSX10.15.sdk' '-v' '-o' 'CMakeFiles/cmTC_751a6.dir/CMakeCCompilerABI.c.o' '-c' '-mmacosx-version-min=10.16.0'  '-mtune=core2'
 as -arch x86_64 -v -force_cpusubtype_ALL -mmacosx-version-min=10.16 -o CMakeFiles/cmTC_751a6.dir/CMakeCCompilerABI.c.o /var/folders/3d/m5hh808d0gg8dsr32yjgdc1h0000gn/T//cceepEPh.s
Apple clang version 12.0.0 (clang-1200.0.32.21)
Target: x86_64-apple-darwin20.3.0
Thread model: posix
InstalledDir: /Applications/Xcode.app/Contents/Developer/Toolchains/XcodeDefault.xctoolchain/usr/bin
 "/Applications/Xcode.app/Contents/Developer/Toolchains/XcodeDefault.xctoolchain/usr/bin/clang" -cc1as -triple x86_64-apple-macosx10.16.0 -filetype obj -main-file-name cceepEPh.s -target-cpu penryn -fdebug-compilation-dir /Users/ylf9811/Desktop/ASC20-21/prestoFinal/presto/cmake-build-debug/CMakeFiles/CMakeTmp -dwarf-debug-producer "Apple clang version 12.0.0 (clang-1200.0.32.21)" -dwarf-version=4 -mrelocation-model pic -o CMakeFiles/cmTC_751a6.dir/CMakeCCompilerABI.c.o /var/folders/3d/m5hh808d0gg8dsr32yjgdc1h0000gn/T//cceepEPh.s
COMPILER_PATH=/usr/local/Cellar/gcc@8/8.4.0_1/libexec/gcc/x86_64-apple-darwin19/8.4.0/:/usr/local/Cellar/gcc@8/8.4.0_1/libexec/gcc/x86_64-apple-darwin19/8.4.0/:/usr/local/Cellar/gcc@8/8.4.0_1/libexec/gcc/x86_64-apple-darwin19/:/usr/local/Cellar/gcc@8/8.4.0_1/lib/gcc/8/gcc/x86_64-apple-darwin19/8.4.0/:/usr/local/Cellar/gcc@8/8.4.0_1/lib/gcc/8/gcc/x86_64-apple-darwin19/
LIBRARY_PATH=/usr/local/Cellar/gcc@8/8.4.0_1/lib/gcc/8/gcc/x86_64-apple-darwin19/8.4.0/:/usr/local/Cellar/gcc@8/8.4.0_1/lib/gcc/8/gcc/x86_64-apple-darwin19/8.4.0/../../../
COLLECT_GCC_OPTIONS='-isysroot' '/Applications/Xcode.app/Contents/Developer/Platforms/MacOSX.platform/Developer/SDKs/MacOSX10.15.sdk' '-v' '-o' 'CMakeFiles/cmTC_751a6.dir/CMakeCCompilerABI.c.o' '-c' '-mmacosx-version-min=10.16.0'  '-mtune=core2'
Linking C executable cmTC_751a6
/Applications/CLion.app/Contents/bin/cmake/mac/bin/cmake -E cmake_link_script CMakeFiles/cmTC_751a6.dir/link.txt --verbose=1
/usr/local/Cellar/gcc@8/8.4.0_1/bin/gcc-8  -isysroot /Applications/Xcode.app/Contents/Developer/Platforms/MacOSX.platform/Developer/SDKs/MacOSX10.15.sdk -Wl,-search_paths_first -Wl,-headerpad_max_install_names  -v -Wl,-v CMakeFiles/cmTC_751a6.dir/CMakeCCompilerABI.c.o -o cmTC_751a6 
Using built-in specs.
COLLECT_GCC=/usr/local/Cellar/gcc@8/8.4.0_1/bin/gcc-8
COLLECT_LTO_WRAPPER=/usr/local/Cellar/gcc@8/8.4.0_1/libexec/gcc/x86_64-apple-darwin19/8.4.0/lto-wrapper
Target: x86_64-apple-darwin19
Configured with: ../configure --build=x86_64-apple-darwin19 --prefix=/usr/local/Cellar/gcc@8/8.4.0_1 --libdir=/usr/local/Cellar/gcc@8/8.4.0_1/lib/gcc/8 --disable-nls --enable-checking=release --enable-languages=c,c++,objc,obj-c++,fortran --program-suffix=-8 --with-gmp=/usr/local/opt/gmp --with-mpfr=/usr/local/opt/mpfr --with-mpc=/usr/local/opt/libmpc --with-isl=/usr/local/opt/isl --with-system-zlib --with-pkgversion='Homebrew GCC 8.4.0_1' --with-bugurl=https://github.com/Homebrew/homebrew-core/issues --disable-multilib --with-native-system-header-dir=/usr/include --with-sysroot=/Library/Developer/CommandLineTools/SDKs/MacOSX10.15.sdk SED=/usr/bin/sed
Thread model: posix
gcc version 8.4.0 (Homebrew GCC 8.4.0_1) 
COMPILER_PATH=/usr/local/Cellar/gcc@8/8.4.0_1/libexec/gcc/x86_64-apple-darwin19/8.4.0/:/usr/local/Cellar/gcc@8/8.4.0_1/libexec/gcc/x86_64-apple-darwin19/8.4.0/:/usr/local/Cellar/gcc@8/8.4.0_1/libexec/gcc/x86_64-apple-darwin19/:/usr/local/Cellar/gcc@8/8.4.0_1/lib/gcc/8/gcc/x86_64-apple-darwin19/8.4.0/:/usr/local/Cellar/gcc@8/8.4.0_1/lib/gcc/8/gcc/x86_64-apple-darwin19/
LIBRARY_PATH=/usr/local/Cellar/gcc@8/8.4.0_1/lib/gcc/8/gcc/x86_64-apple-darwin19/8.4.0/:/usr/local/Cellar/gcc@8/8.4.0_1/lib/gcc/8/gcc/x86_64-apple-darwin19/8.4.0/../../../
COLLECT_GCC_OPTIONS='-isysroot' '/Applications/Xcode.app/Contents/Developer/Platforms/MacOSX.platform/Developer/SDKs/MacOSX10.15.sdk' '-v' '-o' 'cmTC_751a6' '-mmacosx-version-min=10.16.0' '-asm_macosx_version_min=10.16' '-mtune=core2'
 /usr/local/Cellar/gcc@8/8.4.0_1/libexec/gcc/x86_64-apple-darwin19/8.4.0/collect2 -dynamic -arch x86_64 -macosx_version_min 10.16.0 -syslibroot /Applications/Xcode.app/Contents/Developer/Platforms/MacOSX.platform/Developer/SDKs/MacOSX10.15.sdk -weak_reference_mismatches non-weak -o cmTC_751a6 -L/usr/local/Cellar/gcc@8/8.4.0_1/lib/gcc/8/gcc/x86_64-apple-darwin19/8.4.0 -L/usr/local/Cellar/gcc@8/8.4.0_1/lib/gcc/8/gcc/x86_64-apple-darwin19/8.4.0/../../.. -search_paths_first -headerpad_max_install_names -v CMakeFiles/cmTC_751a6.dir/CMakeCCompilerABI.c.o -no_compact_unwind -lSystem -lgcc_ext.10.5 -lgcc -lSystem -no_compact_unwind -v
collect2 version 8.4.0
/usr/bin/ld -dynamic -arch x86_64 -macosx_version_min 10.16.0 -syslibroot /Applications/Xcode.app/Contents/Developer/Platforms/MacOSX.platform/Developer/SDKs/MacOSX10.15.sdk -weak_reference_mismatches non-weak -o cmTC_751a6 -L/usr/local/Cellar/gcc@8/8.4.0_1/lib/gcc/8/gcc/x86_64-apple-darwin19/8.4.0 -L/usr/local/Cellar/gcc@8/8.4.0_1/lib/gcc/8/gcc/x86_64-apple-darwin19/8.4.0/../../.. -search_paths_first -headerpad_max_install_names -v CMakeFiles/cmTC_751a6.dir/CMakeCCompilerABI.c.o -no_compact_unwind -lSystem -lgcc_ext.10.5 -lgcc -lSystem -no_compact_unwind -v
@(#)PROGRAM:ld  PROJECT:ld64-609
BUILD 18:16:50 Sep 24 2020
configured to support archs: armv6 armv7 armv7s arm64 arm64e arm64_32 i386 x86_64 x86_64h armv6m armv7k armv7m armv7em
@(#)PROGRAM:ld  PROJECT:ld64-609
BUILD 18:16:50 Sep 24 2020
configured to support archs: armv6 armv7 armv7s arm64 arm64e arm64_32 i386 x86_64 x86_64h armv6m armv7k armv7m armv7em
Library search paths:
	/usr/local/Cellar/gcc@8/8.4.0_1/lib/gcc/8/gcc/x86_64-apple-darwin19/8.4.0
	/usr/local/Cellar/gcc@8/8.4.0_1/lib/gcc/8
	/Applications/Xcode.app/Contents/Developer/Platforms/MacOSX.platform/Developer/SDKs/MacOSX10.15.sdk/usr/lib
Framework search paths:
	/Applications/Xcode.app/Contents/Developer/Platforms/MacOSX.platform/Developer/SDKs/MacOSX10.15.sdk/System/Library/Frameworks/
 /usr/bin/nm -n CMakeFiles/cmTC_751a6.dir/CMakeCCompilerABI.c.o



Parsed C implicit include dir info from above output: rv=done
  found start of include info
  found start of implicit include info
    add: [/usr/local/Cellar/gcc@8/8.4.0_1/lib/gcc/8/gcc/x86_64-apple-darwin19/8.4.0/include]
    add: [/usr/local/Cellar/gcc@8/8.4.0_1/lib/gcc/8/gcc/x86_64-apple-darwin19/8.4.0/include-fixed]
    add: [/Applications/Xcode.app/Contents/Developer/Platforms/MacOSX.platform/Developer/SDKs/MacOSX10.15.sdk/usr/include]
    add: [/Applications/Xcode.app/Contents/Developer/Platforms/MacOSX.platform/Developer/SDKs/MacOSX10.15.sdk/System/Library/Frameworks]
  end of search list found
  collapse include dir [/usr/local/Cellar/gcc@8/8.4.0_1/lib/gcc/8/gcc/x86_64-apple-darwin19/8.4.0/include] ==> [/usr/local/Cellar/gcc@8/8.4.0_1/lib/gcc/8/gcc/x86_64-apple-darwin19/8.4.0/include]
  collapse include dir [/usr/local/Cellar/gcc@8/8.4.0_1/lib/gcc/8/gcc/x86_64-apple-darwin19/8.4.0/include-fixed] ==> [/usr/local/Cellar/gcc@8/8.4.0_1/lib/gcc/8/gcc/x86_64-apple-darwin19/8.4.0/include-fixed]
  collapse include dir [/Applications/Xcode.app/Contents/Developer/Platforms/MacOSX.platform/Developer/SDKs/MacOSX10.15.sdk/usr/include] ==> [/Applications/Xcode.app/Contents/Developer/Platforms/MacOSX.platform/Developer/SDKs/MacOSX10.15.sdk/usr/include]
  collapse include dir [/Applications/Xcode.app/Contents/Developer/Platforms/MacOSX.platform/Developer/SDKs/MacOSX10.15.sdk/System/Library/Frameworks] ==> [/Applications/Xcode.app/Contents/Developer/Platforms/MacOSX.platform/Developer/SDKs/MacOSX10.15.sdk/System/Library/Frameworks]
  implicit include dirs: [/usr/local/Cellar/gcc@8/8.4.0_1/lib/gcc/8/gcc/x86_64-apple-darwin19/8.4.0/include;/usr/local/Cellar/gcc@8/8.4.0_1/lib/gcc/8/gcc/x86_64-apple-darwin19/8.4.0/include-fixed;/Applications/Xcode.app/Contents/Developer/Platforms/MacOSX.platform/Developer/SDKs/MacOSX10.15.sdk/usr/include;/Applications/Xcode.app/Contents/Developer/Platforms/MacOSX.platform/Developer/SDKs/MacOSX10.15.sdk/System/Library/Frameworks]


Parsed C implicit link information from above output:
  link line regex: [^( *|.*[/\])(ld|CMAKE_LINK_STARTFILE-NOTFOUND|([^/\]+-)?ld|collect2)[^/\]*( |$)]
  ignore line: [Change Dir: /Users/ylf9811/Desktop/ASC20-21/prestoFinal/presto/cmake-build-debug/CMakeFiles/CMakeTmp]
  ignore line: []
  ignore line: [Run Build Command(s):/usr/bin/make cmTC_751a6/fast && /Applications/Xcode.app/Contents/Developer/usr/bin/make  -f CMakeFiles/cmTC_751a6.dir/build.make CMakeFiles/cmTC_751a6.dir/build]
  ignore line: [Building C object CMakeFiles/cmTC_751a6.dir/CMakeCCompilerABI.c.o]
  ignore line: [/usr/local/Cellar/gcc@8/8.4.0_1/bin/gcc-8   -isysroot /Applications/Xcode.app/Contents/Developer/Platforms/MacOSX.platform/Developer/SDKs/MacOSX10.15.sdk   -v -Wl -v -o CMakeFiles/cmTC_751a6.dir/CMakeCCompilerABI.c.o -c /Applications/CLion.app/Contents/bin/cmake/mac/share/cmake-3.19/Modules/CMakeCCompilerABI.c]
  ignore line: [Using built-in specs.]
  ignore line: [COLLECT_GCC=/usr/local/Cellar/gcc@8/8.4.0_1/bin/gcc-8]
  ignore line: [Target: x86_64-apple-darwin19]
  ignore line: [Configured with: ../configure --build=x86_64-apple-darwin19 --prefix=/usr/local/Cellar/gcc@8/8.4.0_1 --libdir=/usr/local/Cellar/gcc@8/8.4.0_1/lib/gcc/8 --disable-nls --enable-checking=release --enable-languages=c c++ objc obj-c++ fortran --program-suffix=-8 --with-gmp=/usr/local/opt/gmp --with-mpfr=/usr/local/opt/mpfr --with-mpc=/usr/local/opt/libmpc --with-isl=/usr/local/opt/isl --with-system-zlib --with-pkgversion='Homebrew GCC 8.4.0_1' --with-bugurl=https://github.com/Homebrew/homebrew-core/issues --disable-multilib --with-native-system-header-dir=/usr/include --with-sysroot=/Library/Developer/CommandLineTools/SDKs/MacOSX10.15.sdk SED=/usr/bin/sed]
  ignore line: [Thread model: posix]
  ignore line: [gcc version 8.4.0 (Homebrew GCC 8.4.0_1) ]
  ignore line: [COLLECT_GCC_OPTIONS='-isysroot' '/Applications/Xcode.app/Contents/Developer/Platforms/MacOSX.platform/Developer/SDKs/MacOSX10.15.sdk' '-v' '-o' 'CMakeFiles/cmTC_751a6.dir/CMakeCCompilerABI.c.o' '-c' '-mmacosx-version-min=10.16.0' '-asm_macosx_version_min=10.16' '-mtune=core2']
  ignore line: [ /usr/local/Cellar/gcc@8/8.4.0_1/libexec/gcc/x86_64-apple-darwin19/8.4.0/cc1 -quiet -v -D__DYNAMIC__ -isysroot /Applications/Xcode.app/Contents/Developer/Platforms/MacOSX.platform/Developer/SDKs/MacOSX10.15.sdk /Applications/CLion.app/Contents/bin/cmake/mac/share/cmake-3.19/Modules/CMakeCCompilerABI.c -fPIC -quiet -dumpbase CMakeCCompilerABI.c -mmacosx-version-min=10.16.0 -mtune=core2 -auxbase-strip CMakeFiles/cmTC_751a6.dir/CMakeCCompilerABI.c.o -version -o /var/folders/3d/m5hh808d0gg8dsr32yjgdc1h0000gn/T//cceepEPh.s]
  ignore line: [GNU C17 (Homebrew GCC 8.4.0_1) version 8.4.0 (x86_64-apple-darwin19)]
  ignore line: [	compiled by GNU C version 8.4.0  GMP version 6.2.0  MPFR version 4.0.2  MPC version 1.1.0  isl version isl-0.22.1-GMP]
  ignore line: []
  ignore line: [GGC heuristics: --param ggc-min-expand=100 --param ggc-min-heapsize=131072]
  ignore line: [ignoring nonexistent directory "/Applications/Xcode.app/Contents/Developer/Platforms/MacOSX.platform/Developer/SDKs/MacOSX10.15.sdk/usr/local/include"]
  ignore line: [ignoring nonexistent directory "/usr/local/Cellar/gcc@8/8.4.0_1/lib/gcc/8/gcc/x86_64-apple-darwin19/8.4.0/../../../../../../x86_64-apple-darwin19/include"]
  ignore line: [ignoring nonexistent directory "/Applications/Xcode.app/Contents/Developer/Platforms/MacOSX.platform/Developer/SDKs/MacOSX10.15.sdk/Library/Frameworks"]
  ignore line: [#include "..." search starts here:]
  ignore line: [#include <...> search starts here:]
  ignore line: [ /usr/local/Cellar/gcc@8/8.4.0_1/lib/gcc/8/gcc/x86_64-apple-darwin19/8.4.0/include]
  ignore line: [ /usr/local/Cellar/gcc@8/8.4.0_1/lib/gcc/8/gcc/x86_64-apple-darwin19/8.4.0/include-fixed]
  ignore line: [ /Applications/Xcode.app/Contents/Developer/Platforms/MacOSX.platform/Developer/SDKs/MacOSX10.15.sdk/usr/include]
  ignore line: [ /Applications/Xcode.app/Contents/Developer/Platforms/MacOSX.platform/Developer/SDKs/MacOSX10.15.sdk/System/Library/Frameworks]
  ignore line: [End of search list.]
  ignore line: [GNU C17 (Homebrew GCC 8.4.0_1) version 8.4.0 (x86_64-apple-darwin19)]
  ignore line: [	compiled by GNU C version 8.4.0  GMP version 6.2.0  MPFR version 4.0.2  MPC version 1.1.0  isl version isl-0.22.1-GMP]
  ignore line: []
  ignore line: [GGC heuristics: --param ggc-min-expand=100 --param ggc-min-heapsize=131072]
  ignore line: [Compiler executable checksum: 95ccd41f183a1a509e74d525ea536100]
  ignore line: [COLLECT_GCC_OPTIONS='-isysroot' '/Applications/Xcode.app/Contents/Developer/Platforms/MacOSX.platform/Developer/SDKs/MacOSX10.15.sdk' '-v' '-o' 'CMakeFiles/cmTC_751a6.dir/CMakeCCompilerABI.c.o' '-c' '-mmacosx-version-min=10.16.0'  '-mtune=core2']
  ignore line: [ as -arch x86_64 -v -force_cpusubtype_ALL -mmacosx-version-min=10.16 -o CMakeFiles/cmTC_751a6.dir/CMakeCCompilerABI.c.o /var/folders/3d/m5hh808d0gg8dsr32yjgdc1h0000gn/T//cceepEPh.s]
  ignore line: [Apple clang version 12.0.0 (clang-1200.0.32.21)]
  ignore line: [Target: x86_64-apple-darwin20.3.0]
  ignore line: [Thread model: posix]
  ignore line: [InstalledDir: /Applications/Xcode.app/Contents/Developer/Toolchains/XcodeDefault.xctoolchain/usr/bin]
  ignore line: [ "/Applications/Xcode.app/Contents/Developer/Toolchains/XcodeDefault.xctoolchain/usr/bin/clang" -cc1as -triple x86_64-apple-macosx10.16.0 -filetype obj -main-file-name cceepEPh.s -target-cpu penryn -fdebug-compilation-dir /Users/ylf9811/Desktop/ASC20-21/prestoFinal/presto/cmake-build-debug/CMakeFiles/CMakeTmp -dwarf-debug-producer "Apple clang version 12.0.0 (clang-1200.0.32.21)" -dwarf-version=4 -mrelocation-model pic -o CMakeFiles/cmTC_751a6.dir/CMakeCCompilerABI.c.o /var/folders/3d/m5hh808d0gg8dsr32yjgdc1h0000gn/T//cceepEPh.s]
  ignore line: [COMPILER_PATH=/usr/local/Cellar/gcc@8/8.4.0_1/libexec/gcc/x86_64-apple-darwin19/8.4.0/:/usr/local/Cellar/gcc@8/8.4.0_1/libexec/gcc/x86_64-apple-darwin19/8.4.0/:/usr/local/Cellar/gcc@8/8.4.0_1/libexec/gcc/x86_64-apple-darwin19/:/usr/local/Cellar/gcc@8/8.4.0_1/lib/gcc/8/gcc/x86_64-apple-darwin19/8.4.0/:/usr/local/Cellar/gcc@8/8.4.0_1/lib/gcc/8/gcc/x86_64-apple-darwin19/]
  ignore line: [LIBRARY_PATH=/usr/local/Cellar/gcc@8/8.4.0_1/lib/gcc/8/gcc/x86_64-apple-darwin19/8.4.0/:/usr/local/Cellar/gcc@8/8.4.0_1/lib/gcc/8/gcc/x86_64-apple-darwin19/8.4.0/../../../]
  ignore line: [COLLECT_GCC_OPTIONS='-isysroot' '/Applications/Xcode.app/Contents/Developer/Platforms/MacOSX.platform/Developer/SDKs/MacOSX10.15.sdk' '-v' '-o' 'CMakeFiles/cmTC_751a6.dir/CMakeCCompilerABI.c.o' '-c' '-mmacosx-version-min=10.16.0'  '-mtune=core2']
  ignore line: [Linking C executable cmTC_751a6]
  ignore line: [/Applications/CLion.app/Contents/bin/cmake/mac/bin/cmake -E cmake_link_script CMakeFiles/cmTC_751a6.dir/link.txt --verbose=1]
  ignore line: [/usr/local/Cellar/gcc@8/8.4.0_1/bin/gcc-8  -isysroot /Applications/Xcode.app/Contents/Developer/Platforms/MacOSX.platform/Developer/SDKs/MacOSX10.15.sdk -Wl -search_paths_first -Wl -headerpad_max_install_names  -v -Wl -v CMakeFiles/cmTC_751a6.dir/CMakeCCompilerABI.c.o -o cmTC_751a6 ]
  ignore line: [Using built-in specs.]
  ignore line: [COLLECT_GCC=/usr/local/Cellar/gcc@8/8.4.0_1/bin/gcc-8]
  ignore line: [COLLECT_LTO_WRAPPER=/usr/local/Cellar/gcc@8/8.4.0_1/libexec/gcc/x86_64-apple-darwin19/8.4.0/lto-wrapper]
  ignore line: [Target: x86_64-apple-darwin19]
  ignore line: [Configured with: ../configure --build=x86_64-apple-darwin19 --prefix=/usr/local/Cellar/gcc@8/8.4.0_1 --libdir=/usr/local/Cellar/gcc@8/8.4.0_1/lib/gcc/8 --disable-nls --enable-checking=release --enable-languages=c c++ objc obj-c++ fortran --program-suffix=-8 --with-gmp=/usr/local/opt/gmp --with-mpfr=/usr/local/opt/mpfr --with-mpc=/usr/local/opt/libmpc --with-isl=/usr/local/opt/isl --with-system-zlib --with-pkgversion='Homebrew GCC 8.4.0_1' --with-bugurl=https://github.com/Homebrew/homebrew-core/issues --disable-multilib --with-native-system-header-dir=/usr/include --with-sysroot=/Library/Developer/CommandLineTools/SDKs/MacOSX10.15.sdk SED=/usr/bin/sed]
  ignore line: [Thread model: posix]
  ignore line: [gcc version 8.4.0 (Homebrew GCC 8.4.0_1) ]
  ignore line: [COMPILER_PATH=/usr/local/Cellar/gcc@8/8.4.0_1/libexec/gcc/x86_64-apple-darwin19/8.4.0/:/usr/local/Cellar/gcc@8/8.4.0_1/libexec/gcc/x86_64-apple-darwin19/8.4.0/:/usr/local/Cellar/gcc@8/8.4.0_1/libexec/gcc/x86_64-apple-darwin19/:/usr/local/Cellar/gcc@8/8.4.0_1/lib/gcc/8/gcc/x86_64-apple-darwin19/8.4.0/:/usr/local/Cellar/gcc@8/8.4.0_1/lib/gcc/8/gcc/x86_64-apple-darwin19/]
  ignore line: [LIBRARY_PATH=/usr/local/Cellar/gcc@8/8.4.0_1/lib/gcc/8/gcc/x86_64-apple-darwin19/8.4.0/:/usr/local/Cellar/gcc@8/8.4.0_1/lib/gcc/8/gcc/x86_64-apple-darwin19/8.4.0/../../../]
  ignore line: [COLLECT_GCC_OPTIONS='-isysroot' '/Applications/Xcode.app/Contents/Developer/Platforms/MacOSX.platform/Developer/SDKs/MacOSX10.15.sdk' '-v' '-o' 'cmTC_751a6' '-mmacosx-version-min=10.16.0' '-asm_macosx_version_min=10.16' '-mtune=core2']
  link line: [ /usr/local/Cellar/gcc@8/8.4.0_1/libexec/gcc/x86_64-apple-darwin19/8.4.0/collect2 -dynamic -arch x86_64 -macosx_version_min 10.16.0 -syslibroot /Applications/Xcode.app/Contents/Developer/Platforms/MacOSX.platform/Developer/SDKs/MacOSX10.15.sdk -weak_reference_mismatches non-weak -o cmTC_751a6 -L/usr/local/Cellar/gcc@8/8.4.0_1/lib/gcc/8/gcc/x86_64-apple-darwin19/8.4.0 -L/usr/local/Cellar/gcc@8/8.4.0_1/lib/gcc/8/gcc/x86_64-apple-darwin19/8.4.0/../../.. -search_paths_first -headerpad_max_install_names -v CMakeFiles/cmTC_751a6.dir/CMakeCCompilerABI.c.o -no_compact_unwind -lSystem -lgcc_ext.10.5 -lgcc -lSystem -no_compact_unwind -v]
    arg [/usr/local/Cellar/gcc@8/8.4.0_1/libexec/gcc/x86_64-apple-darwin19/8.4.0/collect2] ==> ignore
    arg [-dynamic] ==> ignore
    arg [-arch] ==> ignore
    arg [x86_64] ==> ignore
    arg [-macosx_version_min] ==> ignore
    arg [10.16.0] ==> ignore
    arg [-syslibroot] ==> ignore
    arg [/Applications/Xcode.app/Contents/Developer/Platforms/MacOSX.platform/Developer/SDKs/MacOSX10.15.sdk] ==> ignore
    arg [-weak_reference_mismatches] ==> ignore
    arg [non-weak] ==> ignore
    arg [-o] ==> ignore
    arg [cmTC_751a6] ==> ignore
    arg [-L/usr/local/Cellar/gcc@8/8.4.0_1/lib/gcc/8/gcc/x86_64-apple-darwin19/8.4.0] ==> dir [/usr/local/Cellar/gcc@8/8.4.0_1/lib/gcc/8/gcc/x86_64-apple-darwin19/8.4.0]
    arg [-L/usr/local/Cellar/gcc@8/8.4.0_1/lib/gcc/8/gcc/x86_64-apple-darwin19/8.4.0/../../..] ==> dir [/usr/local/Cellar/gcc@8/8.4.0_1/lib/gcc/8/gcc/x86_64-apple-darwin19/8.4.0/../../..]
    arg [-search_paths_first] ==> ignore
    arg [-headerpad_max_install_names] ==> ignore
    arg [-v] ==> ignore
    arg [CMakeFiles/cmTC_751a6.dir/CMakeCCompilerABI.c.o] ==> ignore
    arg [-no_compact_unwind] ==> ignore
    arg [-lSystem] ==> lib [System]
    arg [-lgcc_ext.10.5] ==> lib [gcc_ext.10.5]
    arg [-lgcc] ==> lib [gcc]
    arg [-lSystem] ==> lib [System]
    arg [-no_compact_unwind] ==> ignore
    arg [-v] ==> ignore
  Library search paths: [;/usr/local/Cellar/gcc@8/8.4.0_1/lib/gcc/8/gcc/x86_64-apple-darwin19/8.4.0;/usr/local/Cellar/gcc@8/8.4.0_1/lib/gcc/8;/Applications/Xcode.app/Contents/Developer/Platforms/MacOSX.platform/Developer/SDKs/MacOSX10.15.sdk/usr/lib]
  Framework search paths: [;/Applications/Xcode.app/Contents/Developer/Platforms/MacOSX.platform/Developer/SDKs/MacOSX10.15.sdk/System/Library/Frameworks/]
  remove lib [System]
  remove lib [System]
  collapse library dir [/usr/local/Cellar/gcc@8/8.4.0_1/lib/gcc/8/gcc/x86_64-apple-darwin19/8.4.0] ==> [/usr/local/Cellar/gcc@8/8.4.0_1/lib/gcc/8/gcc/x86_64-apple-darwin19/8.4.0]
  collapse library dir [/usr/local/Cellar/gcc@8/8.4.0_1/lib/gcc/8/gcc/x86_64-apple-darwin19/8.4.0/../../..] ==> [/usr/local/Cellar/gcc@8/8.4.0_1/lib/gcc/8]
  collapse library dir [/usr/local/Cellar/gcc@8/8.4.0_1/lib/gcc/8/gcc/x86_64-apple-darwin19/8.4.0] ==> [/usr/local/Cellar/gcc@8/8.4.0_1/lib/gcc/8/gcc/x86_64-apple-darwin19/8.4.0]
  collapse library dir [/usr/local/Cellar/gcc@8/8.4.0_1/lib/gcc/8] ==> [/usr/local/Cellar/gcc@8/8.4.0_1/lib/gcc/8]
  collapse library dir [/Applications/Xcode.app/Contents/Developer/Platforms/MacOSX.platform/Developer/SDKs/MacOSX10.15.sdk/usr/lib] ==> [/Applications/Xcode.app/Contents/Developer/Platforms/MacOSX.platform/Developer/SDKs/MacOSX10.15.sdk/usr/lib]
  collapse framework dir [/Applications/Xcode.app/Contents/Developer/Platforms/MacOSX.platform/Developer/SDKs/MacOSX10.15.sdk/System/Library/Frameworks/] ==> [/Applications/Xcode.app/Contents/Developer/Platforms/MacOSX.platform/Developer/SDKs/MacOSX10.15.sdk/System/Library/Frameworks]
  implicit libs: [gcc_ext.10.5;gcc]
  implicit dirs: [/usr/local/Cellar/gcc@8/8.4.0_1/lib/gcc/8/gcc/x86_64-apple-darwin19/8.4.0;/usr/local/Cellar/gcc@8/8.4.0_1/lib/gcc/8;/Applications/Xcode.app/Contents/Developer/Platforms/MacOSX.platform/Developer/SDKs/MacOSX10.15.sdk/usr/lib]
  implicit fwks: [/Applications/Xcode.app/Contents/Developer/Platforms/MacOSX.platform/Developer/SDKs/MacOSX10.15.sdk/System/Library/Frameworks]


Detecting CXX compiler ABI info compiled with the following output:
Change Dir: /Users/ylf9811/Desktop/ASC20-21/prestoFinal/presto/cmake-build-debug/CMakeFiles/CMakeTmp

Run Build Command(s):/usr/bin/make cmTC_2a897/fast && /Applications/Xcode.app/Contents/Developer/usr/bin/make  -f CMakeFiles/cmTC_2a897.dir/build.make CMakeFiles/cmTC_2a897.dir/build
Building CXX object CMakeFiles/cmTC_2a897.dir/CMakeCXXCompilerABI.cpp.o
/usr/local/Cellar/gcc@8/8.4.0_1/bin/g++-8   -isysroot /Applications/Xcode.app/Contents/Developer/Platforms/MacOSX.platform/Developer/SDKs/MacOSX10.15.sdk   -v -Wl,-v -o CMakeFiles/cmTC_2a897.dir/CMakeCXXCompilerABI.cpp.o -c /Applications/CLion.app/Contents/bin/cmake/mac/share/cmake-3.19/Modules/CMakeCXXCompilerABI.cpp
Using built-in specs.
COLLECT_GCC=/usr/local/Cellar/gcc@8/8.4.0_1/bin/g++-8
Target: x86_64-apple-darwin19
Configured with: ../configure --build=x86_64-apple-darwin19 --prefix=/usr/local/Cellar/gcc@8/8.4.0_1 --libdir=/usr/local/Cellar/gcc@8/8.4.0_1/lib/gcc/8 --disable-nls --enable-checking=release --enable-languages=c,c++,objc,obj-c++,fortran --program-suffix=-8 --with-gmp=/usr/local/opt/gmp --with-mpfr=/usr/local/opt/mpfr --with-mpc=/usr/local/opt/libmpc --with-isl=/usr/local/opt/isl --with-system-zlib --with-pkgversion='Homebrew GCC 8.4.0_1' --with-bugurl=https://github.com/Homebrew/homebrew-core/issues --disable-multilib --with-native-system-header-dir=/usr/include --with-sysroot=/Library/Developer/CommandLineTools/SDKs/MacOSX10.15.sdk SED=/usr/bin/sed
Thread model: posix
gcc version 8.4.0 (Homebrew GCC 8.4.0_1) 
COLLECT_GCC_OPTIONS='-isysroot' '/Applications/Xcode.app/Contents/Developer/Platforms/MacOSX.platform/Developer/SDKs/MacOSX10.15.sdk' '-v' '-o' 'CMakeFiles/cmTC_2a897.dir/CMakeCXXCompilerABI.cpp.o' '-c' '-mmacosx-version-min=10.16.0' '-asm_macosx_version_min=10.16' '-shared-libgcc' '-mtune=core2'
 /usr/local/Cellar/gcc@8/8.4.0_1/libexec/gcc/x86_64-apple-darwin19/8.4.0/cc1plus -quiet -v -D__DYNAMIC__ -isysroot /Applications/Xcode.app/Contents/Developer/Platforms/MacOSX.platform/Developer/SDKs/MacOSX10.15.sdk /Applications/CLion.app/Contents/bin/cmake/mac/share/cmake-3.19/Modules/CMakeCXXCompilerABI.cpp -fPIC -quiet -dumpbase CMakeCXXCompilerABI.cpp -mmacosx-version-min=10.16.0 -mtune=core2 -auxbase-strip CMakeFiles/cmTC_2a897.dir/CMakeCXXCompilerABI.cpp.o -version -o /var/folders/3d/m5hh808d0gg8dsr32yjgdc1h0000gn/T//cc3aqPjg.s
GNU C++14 (Homebrew GCC 8.4.0_1) version 8.4.0 (x86_64-apple-darwin19)
	compiled by GNU C version 8.4.0, GMP version 6.2.0, MPFR version 4.0.2, MPC version 1.1.0, isl version isl-0.22.1-GMP

GGC heuristics: --param ggc-min-expand=100 --param ggc-min-heapsize=131072
ignoring nonexistent directory "/Applications/Xcode.app/Contents/Developer/Platforms/MacOSX.platform/Developer/SDKs/MacOSX10.15.sdk/usr/local/include"
ignoring nonexistent directory "/usr/local/Cellar/gcc@8/8.4.0_1/lib/gcc/8/gcc/x86_64-apple-darwin19/8.4.0/../../../../../../x86_64-apple-darwin19/include"
ignoring nonexistent directory "/Applications/Xcode.app/Contents/Developer/Platforms/MacOSX.platform/Developer/SDKs/MacOSX10.15.sdk/Library/Frameworks"
#include "..." search starts here:
#include <...> search starts here:
 /usr/local/Cellar/gcc@8/8.4.0_1/lib/gcc/8/gcc/x86_64-apple-darwin19/8.4.0/../../../../../../include/c++/8.4.0
 /usr/local/Cellar/gcc@8/8.4.0_1/lib/gcc/8/gcc/x86_64-apple-darwin19/8.4.0/../../../../../../include/c++/8.4.0/x86_64-apple-darwin19
 /usr/local/Cellar/gcc@8/8.4.0_1/lib/gcc/8/gcc/x86_64-apple-darwin19/8.4.0/../../../../../../include/c++/8.4.0/backward
 /usr/local/Cellar/gcc@8/8.4.0_1/lib/gcc/8/gcc/x86_64-apple-darwin19/8.4.0/include
 /usr/local/Cellar/gcc@8/8.4.0_1/lib/gcc/8/gcc/x86_64-apple-darwin19/8.4.0/include-fixed
 /Applications/Xcode.app/Contents/Developer/Platforms/MacOSX.platform/Developer/SDKs/MacOSX10.15.sdk/usr/include
 /Applications/Xcode.app/Contents/Developer/Platforms/MacOSX.platform/Developer/SDKs/MacOSX10.15.sdk/System/Library/Frameworks
End of search list.
GNU C++14 (Homebrew GCC 8.4.0_1) version 8.4.0 (x86_64-apple-darwin19)
	compiled by GNU C version 8.4.0, GMP version 6.2.0, MPFR version 4.0.2, MPC version 1.1.0, isl version isl-0.22.1-GMP

GGC heuristics: --param ggc-min-expand=100 --param ggc-min-heapsize=131072
Compiler executable checksum: 2d5bfb7229167e8d1d0a8d0aea028f1c
COLLECT_GCC_OPTIONS='-isysroot' '/Applications/Xcode.app/Contents/Developer/Platforms/MacOSX.platform/Developer/SDKs/MacOSX10.15.sdk' '-v' '-o' 'CMakeFiles/cmTC_2a897.dir/CMakeCXXCompilerABI.cpp.o' '-c' '-mmacosx-version-min=10.16.0'  '-shared-libgcc' '-mtune=core2'
 as -arch x86_64 -v -force_cpusubtype_ALL -mmacosx-version-min=10.16 -o CMakeFiles/cmTC_2a897.dir/CMakeCXXCompilerABI.cpp.o /var/folders/3d/m5hh808d0gg8dsr32yjgdc1h0000gn/T//cc3aqPjg.s
Apple clang version 12.0.0 (clang-1200.0.32.21)
Target: x86_64-apple-darwin20.3.0
Thread model: posix
InstalledDir: /Applications/Xcode.app/Contents/Developer/Toolchains/XcodeDefault.xctoolchain/usr/bin
 "/Applications/Xcode.app/Contents/Developer/Toolchains/XcodeDefault.xctoolchain/usr/bin/clang" -cc1as -triple x86_64-apple-macosx10.16.0 -filetype obj -main-file-name cc3aqPjg.s -target-cpu penryn -fdebug-compilation-dir /Users/ylf9811/Desktop/ASC20-21/prestoFinal/presto/cmake-build-debug/CMakeFiles/CMakeTmp -dwarf-debug-producer "Apple clang version 12.0.0 (clang-1200.0.32.21)" -dwarf-version=4 -mrelocation-model pic -o CMakeFiles/cmTC_2a897.dir/CMakeCXXCompilerABI.cpp.o /var/folders/3d/m5hh808d0gg8dsr32yjgdc1h0000gn/T//cc3aqPjg.s
COMPILER_PATH=/usr/local/Cellar/gcc@8/8.4.0_1/libexec/gcc/x86_64-apple-darwin19/8.4.0/:/usr/local/Cellar/gcc@8/8.4.0_1/libexec/gcc/x86_64-apple-darwin19/8.4.0/:/usr/local/Cellar/gcc@8/8.4.0_1/libexec/gcc/x86_64-apple-darwin19/:/usr/local/Cellar/gcc@8/8.4.0_1/lib/gcc/8/gcc/x86_64-apple-darwin19/8.4.0/:/usr/local/Cellar/gcc@8/8.4.0_1/lib/gcc/8/gcc/x86_64-apple-darwin19/
LIBRARY_PATH=/usr/local/Cellar/gcc@8/8.4.0_1/lib/gcc/8/gcc/x86_64-apple-darwin19/8.4.0/:/usr/local/Cellar/gcc@8/8.4.0_1/lib/gcc/8/gcc/x86_64-apple-darwin19/8.4.0/../../../
COLLECT_GCC_OPTIONS='-isysroot' '/Applications/Xcode.app/Contents/Developer/Platforms/MacOSX.platform/Developer/SDKs/MacOSX10.15.sdk' '-v' '-o' 'CMakeFiles/cmTC_2a897.dir/CMakeCXXCompilerABI.cpp.o' '-c' '-mmacosx-version-min=10.16.0'  '-shared-libgcc' '-mtune=core2'
Linking CXX executable cmTC_2a897
/Applications/CLion.app/Contents/bin/cmake/mac/bin/cmake -E cmake_link_script CMakeFiles/cmTC_2a897.dir/link.txt --verbose=1
/usr/local/Cellar/gcc@8/8.4.0_1/bin/g++-8  -isysroot /Applications/Xcode.app/Contents/Developer/Platforms/MacOSX.platform/Developer/SDKs/MacOSX10.15.sdk -Wl,-search_paths_first -Wl,-headerpad_max_install_names  -v -Wl,-v CMakeFiles/cmTC_2a897.dir/CMakeCXXCompilerABI.cpp.o -o cmTC_2a897 
Using built-in specs.
COLLECT_GCC=/usr/local/Cellar/gcc@8/8.4.0_1/bin/g++-8
COLLECT_LTO_WRAPPER=/usr/local/Cellar/gcc@8/8.4.0_1/libexec/gcc/x86_64-apple-darwin19/8.4.0/lto-wrapper
Target: x86_64-apple-darwin19
Configured with: ../configure --build=x86_64-apple-darwin19 --prefix=/usr/local/Cellar/gcc@8/8.4.0_1 --libdir=/usr/local/Cellar/gcc@8/8.4.0_1/lib/gcc/8 --disable-nls --enable-checking=release --enable-languages=c,c++,objc,obj-c++,fortran --program-suffix=-8 --with-gmp=/usr/local/opt/gmp --with-mpfr=/usr/local/opt/mpfr --with-mpc=/usr/local/opt/libmpc --with-isl=/usr/local/opt/isl --with-system-zlib --with-pkgversion='Homebrew GCC 8.4.0_1' --with-bugurl=https://github.com/Homebrew/homebrew-core/issues --disable-multilib --with-native-system-header-dir=/usr/include --with-sysroot=/Library/Developer/CommandLineTools/SDKs/MacOSX10.15.sdk SED=/usr/bin/sed
Thread model: posix
gcc version 8.4.0 (Homebrew GCC 8.4.0_1) 
COMPILER_PATH=/usr/local/Cellar/gcc@8/8.4.0_1/libexec/gcc/x86_64-apple-darwin19/8.4.0/:/usr/local/Cellar/gcc@8/8.4.0_1/libexec/gcc/x86_64-apple-darwin19/8.4.0/:/usr/local/Cellar/gcc@8/8.4.0_1/libexec/gcc/x86_64-apple-darwin19/:/usr/local/Cellar/gcc@8/8.4.0_1/lib/gcc/8/gcc/x86_64-apple-darwin19/8.4.0/:/usr/local/Cellar/gcc@8/8.4.0_1/lib/gcc/8/gcc/x86_64-apple-darwin19/
LIBRARY_PATH=/usr/local/Cellar/gcc@8/8.4.0_1/lib/gcc/8/gcc/x86_64-apple-darwin19/8.4.0/:/usr/local/Cellar/gcc@8/8.4.0_1/lib/gcc/8/gcc/x86_64-apple-darwin19/8.4.0/../../../
COLLECT_GCC_OPTIONS='-isysroot' '/Applications/Xcode.app/Contents/Developer/Platforms/MacOSX.platform/Developer/SDKs/MacOSX10.15.sdk' '-v' '-o' 'cmTC_2a897' '-mmacosx-version-min=10.16.0' '-asm_macosx_version_min=10.16' '-shared-libgcc' '-mtune=core2'
 /usr/local/Cellar/gcc@8/8.4.0_1/libexec/gcc/x86_64-apple-darwin19/8.4.0/collect2 -dynamic -arch x86_64 -macosx_version_min 10.16.0 -syslibroot /Applications/Xcode.app/Contents/Developer/Platforms/MacOSX.platform/Developer/SDKs/MacOSX10.15.sdk -weak_reference_mismatches non-weak -o cmTC_2a897 -L/usr/local/Cellar/gcc@8/8.4.0_1/lib/gcc/8/gcc/x86_64-apple-darwin19/8.4.0 -L/usr/local/Cellar/gcc@8/8.4.0_1/lib/gcc/8/gcc/x86_64-apple-darwin19/8.4.0/../../.. -search_paths_first -headerpad_max_install_names -v CMakeFiles/cmTC_2a897.dir/CMakeCXXCompilerABI.cpp.o -lstdc++ -no_compact_unwind -lSystem -lgcc_ext.10.5 -lgcc -lSystem -no_compact_unwind -v
collect2 version 8.4.0
/usr/bin/ld -dynamic -arch x86_64 -macosx_version_min 10.16.0 -syslibroot /Applications/Xcode.app/Contents/Developer/Platforms/MacOSX.platform/Developer/SDKs/MacOSX10.15.sdk -weak_reference_mismatches non-weak -o cmTC_2a897 -L/usr/local/Cellar/gcc@8/8.4.0_1/lib/gcc/8/gcc/x86_64-apple-darwin19/8.4.0 -L/usr/local/Cellar/gcc@8/8.4.0_1/lib/gcc/8/gcc/x86_64-apple-darwin19/8.4.0/../../.. -search_paths_first -headerpad_max_install_names -v CMakeFiles/cmTC_2a897.dir/CMakeCXXCompilerABI.cpp.o -lstdc++ -no_compact_unwind -lSystem -lgcc_ext.10.5 -lgcc -lSystem -no_compact_unwind -v
@(#)PROGRAM:ld  PROJECT:ld64-609
BUILD 18:16:50 Sep 24 2020
configured to support archs: armv6 armv7 armv7s arm64 arm64e arm64_32 i386 x86_64 x86_64h armv6m armv7k armv7m armv7em
@(#)PROGRAM:ld  PROJECT:ld64-609
BUILD 18:16:50 Sep 24 2020
configured to support archs: armv6 armv7 armv7s arm64 arm64e arm64_32 i386 x86_64 x86_64h armv6m armv7k armv7m armv7em
Library search paths:
	/usr/local/Cellar/gcc@8/8.4.0_1/lib/gcc/8/gcc/x86_64-apple-darwin19/8.4.0
	/usr/local/Cellar/gcc@8/8.4.0_1/lib/gcc/8
	/Applications/Xcode.app/Contents/Developer/Platforms/MacOSX.platform/Developer/SDKs/MacOSX10.15.sdk/usr/lib
Framework search paths:
	/Applications/Xcode.app/Contents/Developer/Platforms/MacOSX.platform/Developer/SDKs/MacOSX10.15.sdk/System/Library/Frameworks/
 /usr/bin/nm -n CMakeFiles/cmTC_2a897.dir/CMakeCXXCompilerABI.cpp.o



Parsed CXX implicit include dir info from above output: rv=done
  found start of include info
  found start of implicit include info
    add: [/usr/local/Cellar/gcc@8/8.4.0_1/lib/gcc/8/gcc/x86_64-apple-darwin19/8.4.0/../../../../../../include/c++/8.4.0]
    add: [/usr/local/Cellar/gcc@8/8.4.0_1/lib/gcc/8/gcc/x86_64-apple-darwin19/8.4.0/../../../../../../include/c++/8.4.0/x86_64-apple-darwin19]
    add: [/usr/local/Cellar/gcc@8/8.4.0_1/lib/gcc/8/gcc/x86_64-apple-darwin19/8.4.0/../../../../../../include/c++/8.4.0/backward]
    add: [/usr/local/Cellar/gcc@8/8.4.0_1/lib/gcc/8/gcc/x86_64-apple-darwin19/8.4.0/include]
    add: [/usr/local/Cellar/gcc@8/8.4.0_1/lib/gcc/8/gcc/x86_64-apple-darwin19/8.4.0/include-fixed]
    add: [/Applications/Xcode.app/Contents/Developer/Platforms/MacOSX.platform/Developer/SDKs/MacOSX10.15.sdk/usr/include]
    add: [/Applications/Xcode.app/Contents/Developer/Platforms/MacOSX.platform/Developer/SDKs/MacOSX10.15.sdk/System/Library/Frameworks]
  end of search list found
  collapse include dir [/usr/local/Cellar/gcc@8/8.4.0_1/lib/gcc/8/gcc/x86_64-apple-darwin19/8.4.0/../../../../../../include/c++/8.4.0] ==> [/usr/local/Cellar/gcc@8/8.4.0_1/include/c++/8.4.0]
  collapse include dir [/usr/local/Cellar/gcc@8/8.4.0_1/lib/gcc/8/gcc/x86_64-apple-darwin19/8.4.0/../../../../../../include/c++/8.4.0/x86_64-apple-darwin19] ==> [/usr/local/Cellar/gcc@8/8.4.0_1/include/c++/8.4.0/x86_64-apple-darwin19]
  collapse include dir [/usr/local/Cellar/gcc@8/8.4.0_1/lib/gcc/8/gcc/x86_64-apple-darwin19/8.4.0/../../../../../../include/c++/8.4.0/backward] ==> [/usr/local/Cellar/gcc@8/8.4.0_1/include/c++/8.4.0/backward]
  collapse include dir [/usr/local/Cellar/gcc@8/8.4.0_1/lib/gcc/8/gcc/x86_64-apple-darwin19/8.4.0/include] ==> [/usr/local/Cellar/gcc@8/8.4.0_1/lib/gcc/8/gcc/x86_64-apple-darwin19/8.4.0/include]
  collapse include dir [/usr/local/Cellar/gcc@8/8.4.0_1/lib/gcc/8/gcc/x86_64-apple-darwin19/8.4.0/include-fixed] ==> [/usr/local/Cellar/gcc@8/8.4.0_1/lib/gcc/8/gcc/x86_64-apple-darwin19/8.4.0/include-fixed]
  collapse include dir [/Applications/Xcode.app/Contents/Developer/Platforms/MacOSX.platform/Developer/SDKs/MacOSX10.15.sdk/usr/include] ==> [/Applications/Xcode.app/Contents/Developer/Platforms/MacOSX.platform/Developer/SDKs/MacOSX10.15.sdk/usr/include]
  collapse include dir [/Applications/Xcode.app/Contents/Developer/Platforms/MacOSX.platform/Developer/SDKs/MacOSX10.15.sdk/System/Library/Frameworks] ==> [/Applications/Xcode.app/Contents/Developer/Platforms/MacOSX.platform/Developer/SDKs/MacOSX10.15.sdk/System/Library/Frameworks]
  implicit include dirs: [/usr/local/Cellar/gcc@8/8.4.0_1/include/c++/8.4.0;/usr/local/Cellar/gcc@8/8.4.0_1/include/c++/8.4.0/x86_64-apple-darwin19;/usr/local/Cellar/gcc@8/8.4.0_1/include/c++/8.4.0/backward;/usr/local/Cellar/gcc@8/8.4.0_1/lib/gcc/8/gcc/x86_64-apple-darwin19/8.4.0/include;/usr/local/Cellar/gcc@8/8.4.0_1/lib/gcc/8/gcc/x86_64-apple-darwin19/8.4.0/include-fixed;/Applications/Xcode.app/Contents/Developer/Platforms/MacOSX.platform/Developer/SDKs/MacOSX10.15.sdk/usr/include;/Applications/Xcode.app/Contents/Developer/Platforms/MacOSX.platform/Developer/SDKs/MacOSX10.15.sdk/System/Library/Frameworks]


Parsed CXX implicit link information from above output:
  link line regex: [^( *|.*[/\])(ld|CMAKE_LINK_STARTFILE-NOTFOUND|([^/\]+-)?ld|collect2)[^/\]*( |$)]
  ignore line: [Change Dir: /Users/ylf9811/Desktop/ASC20-21/prestoFinal/presto/cmake-build-debug/CMakeFiles/CMakeTmp]
  ignore line: []
  ignore line: [Run Build Command(s):/usr/bin/make cmTC_2a897/fast && /Applications/Xcode.app/Contents/Developer/usr/bin/make  -f CMakeFiles/cmTC_2a897.dir/build.make CMakeFiles/cmTC_2a897.dir/build]
  ignore line: [Building CXX object CMakeFiles/cmTC_2a897.dir/CMakeCXXCompilerABI.cpp.o]
  ignore line: [/usr/local/Cellar/gcc@8/8.4.0_1/bin/g++-8   -isysroot /Applications/Xcode.app/Contents/Developer/Platforms/MacOSX.platform/Developer/SDKs/MacOSX10.15.sdk   -v -Wl -v -o CMakeFiles/cmTC_2a897.dir/CMakeCXXCompilerABI.cpp.o -c /Applications/CLion.app/Contents/bin/cmake/mac/share/cmake-3.19/Modules/CMakeCXXCompilerABI.cpp]
  ignore line: [Using built-in specs.]
  ignore line: [COLLECT_GCC=/usr/local/Cellar/gcc@8/8.4.0_1/bin/g++-8]
  ignore line: [Target: x86_64-apple-darwin19]
  ignore line: [Configured with: ../configure --build=x86_64-apple-darwin19 --prefix=/usr/local/Cellar/gcc@8/8.4.0_1 --libdir=/usr/local/Cellar/gcc@8/8.4.0_1/lib/gcc/8 --disable-nls --enable-checking=release --enable-languages=c c++ objc obj-c++ fortran --program-suffix=-8 --with-gmp=/usr/local/opt/gmp --with-mpfr=/usr/local/opt/mpfr --with-mpc=/usr/local/opt/libmpc --with-isl=/usr/local/opt/isl --with-system-zlib --with-pkgversion='Homebrew GCC 8.4.0_1' --with-bugurl=https://github.com/Homebrew/homebrew-core/issues --disable-multilib --with-native-system-header-dir=/usr/include --with-sysroot=/Library/Developer/CommandLineTools/SDKs/MacOSX10.15.sdk SED=/usr/bin/sed]
  ignore line: [Thread model: posix]
  ignore line: [gcc version 8.4.0 (Homebrew GCC 8.4.0_1) ]
  ignore line: [COLLECT_GCC_OPTIONS='-isysroot' '/Applications/Xcode.app/Contents/Developer/Platforms/MacOSX.platform/Developer/SDKs/MacOSX10.15.sdk' '-v' '-o' 'CMakeFiles/cmTC_2a897.dir/CMakeCXXCompilerABI.cpp.o' '-c' '-mmacosx-version-min=10.16.0' '-asm_macosx_version_min=10.16' '-shared-libgcc' '-mtune=core2']
  ignore line: [ /usr/local/Cellar/gcc@8/8.4.0_1/libexec/gcc/x86_64-apple-darwin19/8.4.0/cc1plus -quiet -v -D__DYNAMIC__ -isysroot /Applications/Xcode.app/Contents/Developer/Platforms/MacOSX.platform/Developer/SDKs/MacOSX10.15.sdk /Applications/CLion.app/Contents/bin/cmake/mac/share/cmake-3.19/Modules/CMakeCXXCompilerABI.cpp -fPIC -quiet -dumpbase CMakeCXXCompilerABI.cpp -mmacosx-version-min=10.16.0 -mtune=core2 -auxbase-strip CMakeFiles/cmTC_2a897.dir/CMakeCXXCompilerABI.cpp.o -version -o /var/folders/3d/m5hh808d0gg8dsr32yjgdc1h0000gn/T//cc3aqPjg.s]
  ignore line: [GNU C++14 (Homebrew GCC 8.4.0_1) version 8.4.0 (x86_64-apple-darwin19)]
  ignore line: [	compiled by GNU C version 8.4.0  GMP version 6.2.0  MPFR version 4.0.2  MPC version 1.1.0  isl version isl-0.22.1-GMP]
  ignore line: []
  ignore line: [GGC heuristics: --param ggc-min-expand=100 --param ggc-min-heapsize=131072]
  ignore line: [ignoring nonexistent directory "/Applications/Xcode.app/Contents/Developer/Platforms/MacOSX.platform/Developer/SDKs/MacOSX10.15.sdk/usr/local/include"]
  ignore line: [ignoring nonexistent directory "/usr/local/Cellar/gcc@8/8.4.0_1/lib/gcc/8/gcc/x86_64-apple-darwin19/8.4.0/../../../../../../x86_64-apple-darwin19/include"]
  ignore line: [ignoring nonexistent directory "/Applications/Xcode.app/Contents/Developer/Platforms/MacOSX.platform/Developer/SDKs/MacOSX10.15.sdk/Library/Frameworks"]
  ignore line: [#include "..." search starts here:]
  ignore line: [#include <...> search starts here:]
  ignore line: [ /usr/local/Cellar/gcc@8/8.4.0_1/lib/gcc/8/gcc/x86_64-apple-darwin19/8.4.0/../../../../../../include/c++/8.4.0]
  ignore line: [ /usr/local/Cellar/gcc@8/8.4.0_1/lib/gcc/8/gcc/x86_64-apple-darwin19/8.4.0/../../../../../../include/c++/8.4.0/x86_64-apple-darwin19]
  ignore line: [ /usr/local/Cellar/gcc@8/8.4.0_1/lib/gcc/8/gcc/x86_64-apple-darwin19/8.4.0/../../../../../../include/c++/8.4.0/backward]
  ignore line: [ /usr/local/Cellar/gcc@8/8.4.0_1/lib/gcc/8/gcc/x86_64-apple-darwin19/8.4.0/include]
  ignore line: [ /usr/local/Cellar/gcc@8/8.4.0_1/lib/gcc/8/gcc/x86_64-apple-darwin19/8.4.0/include-fixed]
  ignore line: [ /Applications/Xcode.app/Contents/Developer/Platforms/MacOSX.platform/Developer/SDKs/MacOSX10.15.sdk/usr/include]
  ignore line: [ /Applications/Xcode.app/Contents/Developer/Platforms/MacOSX.platform/Developer/SDKs/MacOSX10.15.sdk/System/Library/Frameworks]
  ignore line: [End of search list.]
  ignore line: [GNU C++14 (Homebrew GCC 8.4.0_1) version 8.4.0 (x86_64-apple-darwin19)]
  ignore line: [	compiled by GNU C version 8.4.0  GMP version 6.2.0  MPFR version 4.0.2  MPC version 1.1.0  isl version isl-0.22.1-GMP]
  ignore line: []
  ignore line: [GGC heuristics: --param ggc-min-expand=100 --param ggc-min-heapsize=131072]
  ignore line: [Compiler executable checksum: 2d5bfb7229167e8d1d0a8d0aea028f1c]
  ignore line: [COLLECT_GCC_OPTIONS='-isysroot' '/Applications/Xcode.app/Contents/Developer/Platforms/MacOSX.platform/Developer/SDKs/MacOSX10.15.sdk' '-v' '-o' 'CMakeFiles/cmTC_2a897.dir/CMakeCXXCompilerABI.cpp.o' '-c' '-mmacosx-version-min=10.16.0'  '-shared-libgcc' '-mtune=core2']
  ignore line: [ as -arch x86_64 -v -force_cpusubtype_ALL -mmacosx-version-min=10.16 -o CMakeFiles/cmTC_2a897.dir/CMakeCXXCompilerABI.cpp.o /var/folders/3d/m5hh808d0gg8dsr32yjgdc1h0000gn/T//cc3aqPjg.s]
  ignore line: [Apple clang version 12.0.0 (clang-1200.0.32.21)]
  ignore line: [Target: x86_64-apple-darwin20.3.0]
  ignore line: [Thread model: posix]
  ignore line: [InstalledDir: /Applications/Xcode.app/Contents/Developer/Toolchains/XcodeDefault.xctoolchain/usr/bin]
  ignore line: [ "/Applications/Xcode.app/Contents/Developer/Toolchains/XcodeDefault.xctoolchain/usr/bin/clang" -cc1as -triple x86_64-apple-macosx10.16.0 -filetype obj -main-file-name cc3aqPjg.s -target-cpu penryn -fdebug-compilation-dir /Users/ylf9811/Desktop/ASC20-21/prestoFinal/presto/cmake-build-debug/CMakeFiles/CMakeTmp -dwarf-debug-producer "Apple clang version 12.0.0 (clang-1200.0.32.21)" -dwarf-version=4 -mrelocation-model pic -o CMakeFiles/cmTC_2a897.dir/CMakeCXXCompilerABI.cpp.o /var/folders/3d/m5hh808d0gg8dsr32yjgdc1h0000gn/T//cc3aqPjg.s]
  ignore line: [COMPILER_PATH=/usr/local/Cellar/gcc@8/8.4.0_1/libexec/gcc/x86_64-apple-darwin19/8.4.0/:/usr/local/Cellar/gcc@8/8.4.0_1/libexec/gcc/x86_64-apple-darwin19/8.4.0/:/usr/local/Cellar/gcc@8/8.4.0_1/libexec/gcc/x86_64-apple-darwin19/:/usr/local/Cellar/gcc@8/8.4.0_1/lib/gcc/8/gcc/x86_64-apple-darwin19/8.4.0/:/usr/local/Cellar/gcc@8/8.4.0_1/lib/gcc/8/gcc/x86_64-apple-darwin19/]
  ignore line: [LIBRARY_PATH=/usr/local/Cellar/gcc@8/8.4.0_1/lib/gcc/8/gcc/x86_64-apple-darwin19/8.4.0/:/usr/local/Cellar/gcc@8/8.4.0_1/lib/gcc/8/gcc/x86_64-apple-darwin19/8.4.0/../../../]
  ignore line: [COLLECT_GCC_OPTIONS='-isysroot' '/Applications/Xcode.app/Contents/Developer/Platforms/MacOSX.platform/Developer/SDKs/MacOSX10.15.sdk' '-v' '-o' 'CMakeFiles/cmTC_2a897.dir/CMakeCXXCompilerABI.cpp.o' '-c' '-mmacosx-version-min=10.16.0'  '-shared-libgcc' '-mtune=core2']
  ignore line: [Linking CXX executable cmTC_2a897]
  ignore line: [/Applications/CLion.app/Contents/bin/cmake/mac/bin/cmake -E cmake_link_script CMakeFiles/cmTC_2a897.dir/link.txt --verbose=1]
  ignore line: [/usr/local/Cellar/gcc@8/8.4.0_1/bin/g++-8  -isysroot /Applications/Xcode.app/Contents/Developer/Platforms/MacOSX.platform/Developer/SDKs/MacOSX10.15.sdk -Wl -search_paths_first -Wl -headerpad_max_install_names  -v -Wl -v CMakeFiles/cmTC_2a897.dir/CMakeCXXCompilerABI.cpp.o -o cmTC_2a897 ]
  ignore line: [Using built-in specs.]
  ignore line: [COLLECT_GCC=/usr/local/Cellar/gcc@8/8.4.0_1/bin/g++-8]
  ignore line: [COLLECT_LTO_WRAPPER=/usr/local/Cellar/gcc@8/8.4.0_1/libexec/gcc/x86_64-apple-darwin19/8.4.0/lto-wrapper]
  ignore line: [Target: x86_64-apple-darwin19]
  ignore line: [Configured with: ../configure --build=x86_64-apple-darwin19 --prefix=/usr/local/Cellar/gcc@8/8.4.0_1 --libdir=/usr/local/Cellar/gcc@8/8.4.0_1/lib/gcc/8 --disable-nls --enable-checking=release --enable-languages=c c++ objc obj-c++ fortran --program-suffix=-8 --with-gmp=/usr/local/opt/gmp --with-mpfr=/usr/local/opt/mpfr --with-mpc=/usr/local/opt/libmpc --with-isl=/usr/local/opt/isl --with-system-zlib --with-pkgversion='Homebrew GCC 8.4.0_1' --with-bugurl=https://github.com/Homebrew/homebrew-core/issues --disable-multilib --with-native-system-header-dir=/usr/include --with-sysroot=/Library/Developer/CommandLineTools/SDKs/MacOSX10.15.sdk SED=/usr/bin/sed]
  ignore line: [Thread model: posix]
  ignore line: [gcc version 8.4.0 (Homebrew GCC 8.4.0_1) ]
  ignore line: [COMPILER_PATH=/usr/local/Cellar/gcc@8/8.4.0_1/libexec/gcc/x86_64-apple-darwin19/8.4.0/:/usr/local/Cellar/gcc@8/8.4.0_1/libexec/gcc/x86_64-apple-darwin19/8.4.0/:/usr/local/Cellar/gcc@8/8.4.0_1/libexec/gcc/x86_64-apple-darwin19/:/usr/local/Cellar/gcc@8/8.4.0_1/lib/gcc/8/gcc/x86_64-apple-darwin19/8.4.0/:/usr/local/Cellar/gcc@8/8.4.0_1/lib/gcc/8/gcc/x86_64-apple-darwin19/]
  ignore line: [LIBRARY_PATH=/usr/local/Cellar/gcc@8/8.4.0_1/lib/gcc/8/gcc/x86_64-apple-darwin19/8.4.0/:/usr/local/Cellar/gcc@8/8.4.0_1/lib/gcc/8/gcc/x86_64-apple-darwin19/8.4.0/../../../]
  ignore line: [COLLECT_GCC_OPTIONS='-isysroot' '/Applications/Xcode.app/Contents/Developer/Platforms/MacOSX.platform/Developer/SDKs/MacOSX10.15.sdk' '-v' '-o' 'cmTC_2a897' '-mmacosx-version-min=10.16.0' '-asm_macosx_version_min=10.16' '-shared-libgcc' '-mtune=core2']
  link line: [ /usr/local/Cellar/gcc@8/8.4.0_1/libexec/gcc/x86_64-apple-darwin19/8.4.0/collect2 -dynamic -arch x86_64 -macosx_version_min 10.16.0 -syslibroot /Applications/Xcode.app/Contents/Developer/Platforms/MacOSX.platform/Developer/SDKs/MacOSX10.15.sdk -weak_reference_mismatches non-weak -o cmTC_2a897 -L/usr/local/Cellar/gcc@8/8.4.0_1/lib/gcc/8/gcc/x86_64-apple-darwin19/8.4.0 -L/usr/local/Cellar/gcc@8/8.4.0_1/lib/gcc/8/gcc/x86_64-apple-darwin19/8.4.0/../../.. -search_paths_first -headerpad_max_install_names -v CMakeFiles/cmTC_2a897.dir/CMakeCXXCompilerABI.cpp.o -lstdc++ -no_compact_unwind -lSystem -lgcc_ext.10.5 -lgcc -lSystem -no_compact_unwind -v]
    arg [/usr/local/Cellar/gcc@8/8.4.0_1/libexec/gcc/x86_64-apple-darwin19/8.4.0/collect2] ==> ignore
    arg [-dynamic] ==> ignore
    arg [-arch] ==> ignore
    arg [x86_64] ==> ignore
    arg [-macosx_version_min] ==> ignore
    arg [10.16.0] ==> ignore
    arg [-syslibroot] ==> ignore
    arg [/Applications/Xcode.app/Contents/Developer/Platforms/MacOSX.platform/Developer/SDKs/MacOSX10.15.sdk] ==> ignore
    arg [-weak_reference_mismatches] ==> ignore
    arg [non-weak] ==> ignore
    arg [-o] ==> ignore
    arg [cmTC_2a897] ==> ignore
    arg [-L/usr/local/Cellar/gcc@8/8.4.0_1/lib/gcc/8/gcc/x86_64-apple-darwin19/8.4.0] ==> dir [/usr/local/Cellar/gcc@8/8.4.0_1/lib/gcc/8/gcc/x86_64-apple-darwin19/8.4.0]
    arg [-L/usr/local/Cellar/gcc@8/8.4.0_1/lib/gcc/8/gcc/x86_64-apple-darwin19/8.4.0/../../..] ==> dir [/usr/local/Cellar/gcc@8/8.4.0_1/lib/gcc/8/gcc/x86_64-apple-darwin19/8.4.0/../../..]
    arg [-search_paths_first] ==> ignore
    arg [-headerpad_max_install_names] ==> ignore
    arg [-v] ==> ignore
    arg [CMakeFiles/cmTC_2a897.dir/CMakeCXXCompilerABI.cpp.o] ==> ignore
    arg [-lstdc++] ==> lib [stdc++]
    arg [-no_compact_unwind] ==> ignore
    arg [-lSystem] ==> lib [System]
    arg [-lgcc_ext.10.5] ==> lib [gcc_ext.10.5]
    arg [-lgcc] ==> lib [gcc]
    arg [-lSystem] ==> lib [System]
    arg [-no_compact_unwind] ==> ignore
    arg [-v] ==> ignore
  Library search paths: [;/usr/local/Cellar/gcc@8/8.4.0_1/lib/gcc/8/gcc/x86_64-apple-darwin19/8.4.0;/usr/local/Cellar/gcc@8/8.4.0_1/lib/gcc/8;/Applications/Xcode.app/Contents/Developer/Platforms/MacOSX.platform/Developer/SDKs/MacOSX10.15.sdk/usr/lib]
  Framework search paths: [;/Applications/Xcode.app/Contents/Developer/Platforms/MacOSX.platform/Developer/SDKs/MacOSX10.15.sdk/System/Library/Frameworks/]
  remove lib [System]
  remove lib [System]
  collapse library dir [/usr/local/Cellar/gcc@8/8.4.0_1/lib/gcc/8/gcc/x86_64-apple-darwin19/8.4.0] ==> [/usr/local/Cellar/gcc@8/8.4.0_1/lib/gcc/8/gcc/x86_64-apple-darwin19/8.4.0]
  collapse library dir [/usr/local/Cellar/gcc@8/8.4.0_1/lib/gcc/8/gcc/x86_64-apple-darwin19/8.4.0/../../..] ==> [/usr/local/Cellar/gcc@8/8.4.0_1/lib/gcc/8]
  collapse library dir [/usr/local/Cellar/gcc@8/8.4.0_1/lib/gcc/8/gcc/x86_64-apple-darwin19/8.4.0] ==> [/usr/local/Cellar/gcc@8/8.4.0_1/lib/gcc/8/gcc/x86_64-apple-darwin19/8.4.0]
  collapse library dir [/usr/local/Cellar/gcc@8/8.4.0_1/lib/gcc/8] ==> [/usr/local/Cellar/gcc@8/8.4.0_1/lib/gcc/8]
  collapse library dir [/Applications/Xcode.app/Contents/Developer/Platforms/MacOSX.platform/Developer/SDKs/MacOSX10.15.sdk/usr/lib] ==> [/Applications/Xcode.app/Contents/Developer/Platforms/MacOSX.platform/Developer/SDKs/MacOSX10.15.sdk/usr/lib]
  collapse framework dir [/Applications/Xcode.app/Contents/Developer/Platforms/MacOSX.platform/Developer/SDKs/MacOSX10.15.sdk/System/Library/Frameworks/] ==> [/Applications/Xcode.app/Contents/Developer/Platforms/MacOSX.platform/Developer/SDKs/MacOSX10.15.sdk/System/Library/Frameworks]
  implicit libs: [stdc++;gcc_ext.10.5;gcc]
  implicit dirs: [/usr/local/Cellar/gcc@8/8.4.0_1/lib/gcc/8/gcc/x86_64-apple-darwin19/8.4.0;/usr/local/Cellar/gcc@8/8.4.0_1/lib/gcc/8;/Applications/Xcode.app/Contents/Developer/Platforms/MacOSX.platform/Developer/SDKs/MacOSX10.15.sdk/usr/lib]
  implicit fwks: [/Applications/Xcode.app/Contents/Developer/Platforms/MacOSX.platform/Developer/SDKs/MacOSX10.15.sdk/System/Library/Frameworks]


